::1 - - [04/Jul/2020:22:27:55 +0000] "GET / HTTP/1.1" 304 - "-" "Mozilla/5.0 (Macintosh; Intel Mac OS X 10_13_6) AppleWebKit/537.36 (KHTML, like Gecko) Chrome/83.0.4103.116 Safari/537.36"
::1 - - [04/Jul/2020:22:27:55 +0000] "GET /css/main.css HTTP/1.1" 304 - "http://localhost:4000/" "Mozilla/5.0 (Macintosh; Intel Mac OS X 10_13_6) AppleWebKit/537.36 (KHTML, like Gecko) Chrome/83.0.4103.116 Safari/537.36"
::1 - - [04/Jul/2020:22:27:55 +0000] "GET /css/product.css HTTP/1.1" 304 - "http://localhost:4000/" "Mozilla/5.0 (Macintosh; Intel Mac OS X 10_13_6) AppleWebKit/537.36 (KHTML, like Gecko) Chrome/83.0.4103.116 Safari/537.36"
::1 - - [04/Jul/2020:22:27:55 +0000] "GET /js/main.js HTTP/1.1" 304 - "http://localhost:4000/" "Mozilla/5.0 (Macintosh; Intel Mac OS X 10_13_6) AppleWebKit/537.36 (KHTML, like Gecko) Chrome/83.0.4103.116 Safari/537.36"
::1 - - [04/Jul/2020:22:27:55 +0000] "GET /images/856574366-Udvalgte%20plakater%20fra%20hele%20verden.jpeg HTTP/1.1" 304 - "http://localhost:4000/" "Mozilla/5.0 (Macintosh; Intel Mac OS X 10_13_6) AppleWebKit/537.36 (KHTML, like Gecko) Chrome/83.0.4103.116 Safari/537.36"
::1 - - [04/Jul/2020:22:27:55 +0000] "GET /images/786681352-pngguru.com.png HTTP/1.1" 304 - "http://localhost:4000/" "Mozilla/5.0 (Macintosh; Intel Mac OS X 10_13_6) AppleWebKit/537.36 (KHTML, like Gecko) Chrome/83.0.4103.116 Safari/537.36"
::1 - - [04/Jul/2020:22:37:46 +0000] "GET / HTTP/1.1" 200 - "-" "Mozilla/5.0 (Macintosh; Intel Mac OS X 10_13_6) AppleWebKit/537.36 (KHTML, like Gecko) Chrome/83.0.4103.116 Safari/537.36"
::1 - - [04/Jul/2020:22:37:46 +0000] "GET /css/main.css HTTP/1.1" 200 - "https://localhost:4000/" "Mozilla/5.0 (Macintosh; Intel Mac OS X 10_13_6) AppleWebKit/537.36 (KHTML, like Gecko) Chrome/83.0.4103.116 Safari/537.36"
::1 - - [04/Jul/2020:22:37:46 +0000] "GET /css/product.css HTTP/1.1" 200 379 "https://localhost:4000/" "Mozilla/5.0 (Macintosh; Intel Mac OS X 10_13_6) AppleWebKit/537.36 (KHTML, like Gecko) Chrome/83.0.4103.116 Safari/537.36"
::1 - - [04/Jul/2020:22:37:46 +0000] "GET /js/main.js HTTP/1.1" 200 519 "https://localhost:4000/" "Mozilla/5.0 (Macintosh; Intel Mac OS X 10_13_6) AppleWebKit/537.36 (KHTML, like Gecko) Chrome/83.0.4103.116 Safari/537.36"
::1 - - [04/Jul/2020:22:37:46 +0000] "GET /images/856574366-Udvalgte%20plakater%20fra%20hele%20verden.jpeg HTTP/1.1" 200 38675 "https://localhost:4000/" "Mozilla/5.0 (Macintosh; Intel Mac OS X 10_13_6) AppleWebKit/537.36 (KHTML, like Gecko) Chrome/83.0.4103.116 Safari/537.36"
::1 - - [04/Jul/2020:22:37:46 +0000] "GET /images/786681352-pngguru.com.png HTTP/1.1" 200 95666 "https://localhost:4000/" "Mozilla/5.0 (Macintosh; Intel Mac OS X 10_13_6) AppleWebKit/537.36 (KHTML, like Gecko) Chrome/83.0.4103.116 Safari/537.36"
::1 - - [04/Jul/2020:22:37:47 +0000] "GET /favicon.ico HTTP/1.1" 404 - "https://localhost:4000/" "Mozilla/5.0 (Macintosh; Intel Mac OS X 10_13_6) AppleWebKit/537.36 (KHTML, like Gecko) Chrome/83.0.4103.116 Safari/537.36"
::1 - - [04/Jul/2020:22:37:54 +0000] "GET /?page=2 HTTP/1.1" 200 - "https://localhost:4000/" "Mozilla/5.0 (Macintosh; Intel Mac OS X 10_13_6) AppleWebKit/537.36 (KHTML, like Gecko) Chrome/83.0.4103.116 Safari/537.36"
::1 - - [04/Jul/2020:22:37:54 +0000] "GET /css/main.css HTTP/1.1" 304 - "https://localhost:4000/?page=2" "Mozilla/5.0 (Macintosh; Intel Mac OS X 10_13_6) AppleWebKit/537.36 (KHTML, like Gecko) Chrome/83.0.4103.116 Safari/537.36"
::1 - - [04/Jul/2020:22:37:54 +0000] "GET /css/product.css HTTP/1.1" 304 - "https://localhost:4000/?page=2" "Mozilla/5.0 (Macintosh; Intel Mac OS X 10_13_6) AppleWebKit/537.36 (KHTML, like Gecko) Chrome/83.0.4103.116 Safari/537.36"
::1 - - [04/Jul/2020:22:37:54 +0000] "GET /js/main.js HTTP/1.1" 304 - "https://localhost:4000/?page=2" "Mozilla/5.0 (Macintosh; Intel Mac OS X 10_13_6) AppleWebKit/537.36 (KHTML, like Gecko) Chrome/83.0.4103.116 Safari/537.36"
::1 - - [04/Jul/2020:22:37:54 +0000] "GET /images/825602613-elastic7point7_.jpg HTTP/1.1" 200 40677 "https://localhost:4000/?page=2" "Mozilla/5.0 (Macintosh; Intel Mac OS X 10_13_6) AppleWebKit/537.36 (KHTML, like Gecko) Chrome/83.0.4103.116 Safari/537.36"
::1 - - [28/Apr/2022:14:51:35 +0000] "GET / HTTP/1.1" 200 - "-" "Mozilla/5.0 (Macintosh; Intel Mac OS X 10_15_7) AppleWebKit/537.36 (KHTML, like Gecko) Chrome/100.0.4896.127 Safari/537.36"
::1 - - [28/Apr/2022:14:51:36 +0000] "GET /css/product.css HTTP/1.1" 200 379 "http://localhost:4000/" "Mozilla/5.0 (Macintosh; Intel Mac OS X 10_15_7) AppleWebKit/537.36 (KHTML, like Gecko) Chrome/100.0.4896.127 Safari/537.36"
::1 - - [28/Apr/2022:14:51:36 +0000] "GET /css/main.css HTTP/1.1" 200 - "http://localhost:4000/" "Mozilla/5.0 (Macintosh; Intel Mac OS X 10_15_7) AppleWebKit/537.36 (KHTML, like Gecko) Chrome/100.0.4896.127 Safari/537.36"
::1 - - [28/Apr/2022:14:51:36 +0000] "GET /js/main.js HTTP/1.1" 200 519 "http://localhost:4000/" "Mozilla/5.0 (Macintosh; Intel Mac OS X 10_15_7) AppleWebKit/537.36 (KHTML, like Gecko) Chrome/100.0.4896.127 Safari/537.36"
::1 - - [28/Apr/2022:14:51:36 +0000] "GET /images/856574366-Udvalgte%20plakater%20fra%20hele%20verden.jpeg HTTP/1.1" 200 38675 "http://localhost:4000/" "Mozilla/5.0 (Macintosh; Intel Mac OS X 10_15_7) AppleWebKit/537.36 (KHTML, like Gecko) Chrome/100.0.4896.127 Safari/537.36"
::1 - - [28/Apr/2022:14:51:36 +0000] "GET /images/786681352-pngguru.com.png HTTP/1.1" 200 95666 "http://localhost:4000/" "Mozilla/5.0 (Macintosh; Intel Mac OS X 10_15_7) AppleWebKit/537.36 (KHTML, like Gecko) Chrome/100.0.4896.127 Safari/537.36"
::1 - - [28/Apr/2022:14:51:37 +0000] "GET /favicon.ico HTTP/1.1" 404 - "http://localhost:4000/" "Mozilla/5.0 (Macintosh; Intel Mac OS X 10_15_7) AppleWebKit/537.36 (KHTML, like Gecko) Chrome/100.0.4896.127 Safari/537.36"
::1 - - [28/Apr/2022:14:51:43 +0000] "GET /products HTTP/1.1" 200 - "http://localhost:4000/" "Mozilla/5.0 (Macintosh; Intel Mac OS X 10_15_7) AppleWebKit/537.36 (KHTML, like Gecko) Chrome/100.0.4896.127 Safari/537.36"
::1 - - [28/Apr/2022:14:51:43 +0000] "GET /css/main.css HTTP/1.1" 304 - "http://localhost:4000/products" "Mozilla/5.0 (Macintosh; Intel Mac OS X 10_15_7) AppleWebKit/537.36 (KHTML, like Gecko) Chrome/100.0.4896.127 Safari/537.36"
::1 - - [28/Apr/2022:14:51:43 +0000] "GET /css/product.css HTTP/1.1" 304 - "http://localhost:4000/products" "Mozilla/5.0 (Macintosh; Intel Mac OS X 10_15_7) AppleWebKit/537.36 (KHTML, like Gecko) Chrome/100.0.4896.127 Safari/537.36"
::1 - - [28/Apr/2022:14:51:43 +0000] "GET /js/main.js HTTP/1.1" 304 - "http://localhost:4000/products" "Mozilla/5.0 (Macintosh; Intel Mac OS X 10_15_7) AppleWebKit/537.36 (KHTML, like Gecko) Chrome/100.0.4896.127 Safari/537.36"
::1 - - [28/Apr/2022:14:51:43 +0000] "GET /images/856574366-Udvalgte%20plakater%20fra%20hele%20verden.jpeg HTTP/1.1" 304 - "http://localhost:4000/products" "Mozilla/5.0 (Macintosh; Intel Mac OS X 10_15_7) AppleWebKit/537.36 (KHTML, like Gecko) Chrome/100.0.4896.127 Safari/537.36"
::1 - - [28/Apr/2022:14:51:43 +0000] "GET /images/786681352-pngguru.com.png HTTP/1.1" 304 - "http://localhost:4000/products" "Mozilla/5.0 (Macintosh; Intel Mac OS X 10_15_7) AppleWebKit/537.36 (KHTML, like Gecko) Chrome/100.0.4896.127 Safari/537.36"
::1 - - [28/Apr/2022:14:51:46 +0000] "GET / HTTP/1.1" 304 - "http://localhost:4000/products" "Mozilla/5.0 (Macintosh; Intel Mac OS X 10_15_7) AppleWebKit/537.36 (KHTML, like Gecko) Chrome/100.0.4896.127 Safari/537.36"
::1 - - [28/Apr/2022:14:51:46 +0000] "GET /css/main.css HTTP/1.1" 304 - "http://localhost:4000/" "Mozilla/5.0 (Macintosh; Intel Mac OS X 10_15_7) AppleWebKit/537.36 (KHTML, like Gecko) Chrome/100.0.4896.127 Safari/537.36"
::1 - - [28/Apr/2022:14:51:46 +0000] "GET /css/product.css HTTP/1.1" 304 - "http://localhost:4000/" "Mozilla/5.0 (Macintosh; Intel Mac OS X 10_15_7) AppleWebKit/537.36 (KHTML, like Gecko) Chrome/100.0.4896.127 Safari/537.36"
::1 - - [28/Apr/2022:14:51:46 +0000] "GET /js/main.js HTTP/1.1" 304 - "http://localhost:4000/" "Mozilla/5.0 (Macintosh; Intel Mac OS X 10_15_7) AppleWebKit/537.36 (KHTML, like Gecko) Chrome/100.0.4896.127 Safari/537.36"
::1 - - [28/Apr/2022:14:51:46 +0000] "GET /images/786681352-pngguru.com.png HTTP/1.1" 304 - "http://localhost:4000/" "Mozilla/5.0 (Macintosh; Intel Mac OS X 10_15_7) AppleWebKit/537.36 (KHTML, like Gecko) Chrome/100.0.4896.127 Safari/537.36"
::1 - - [28/Apr/2022:14:51:46 +0000] "GET /images/856574366-Udvalgte%20plakater%20fra%20hele%20verden.jpeg HTTP/1.1" 304 - "http://localhost:4000/" "Mozilla/5.0 (Macintosh; Intel Mac OS X 10_15_7) AppleWebKit/537.36 (KHTML, like Gecko) Chrome/100.0.4896.127 Safari/537.36"
::1 - - [28/Apr/2022:14:51:48 +0000] "GET /products HTTP/1.1" 304 - "http://localhost:4000/" "Mozilla/5.0 (Macintosh; Intel Mac OS X 10_15_7) AppleWebKit/537.36 (KHTML, like Gecko) Chrome/100.0.4896.127 Safari/537.36"
::1 - - [28/Apr/2022:14:51:49 +0000] "GET /css/main.css HTTP/1.1" 304 - "http://localhost:4000/products" "Mozilla/5.0 (Macintosh; Intel Mac OS X 10_15_7) AppleWebKit/537.36 (KHTML, like Gecko) Chrome/100.0.4896.127 Safari/537.36"
::1 - - [28/Apr/2022:14:51:49 +0000] "GET /css/product.css HTTP/1.1" 304 - "http://localhost:4000/products" "Mozilla/5.0 (Macintosh; Intel Mac OS X 10_15_7) AppleWebKit/537.36 (KHTML, like Gecko) Chrome/100.0.4896.127 Safari/537.36"
::1 - - [28/Apr/2022:14:51:49 +0000] "GET /js/main.js HTTP/1.1" 304 - "http://localhost:4000/products" "Mozilla/5.0 (Macintosh; Intel Mac OS X 10_15_7) AppleWebKit/537.36 (KHTML, like Gecko) Chrome/100.0.4896.127 Safari/537.36"
::1 - - [28/Apr/2022:14:51:49 +0000] "GET /images/856574366-Udvalgte%20plakater%20fra%20hele%20verden.jpeg HTTP/1.1" 304 - "http://localhost:4000/products" "Mozilla/5.0 (Macintosh; Intel Mac OS X 10_15_7) AppleWebKit/537.36 (KHTML, like Gecko) Chrome/100.0.4896.127 Safari/537.36"
::1 - - [28/Apr/2022:14:51:49 +0000] "GET /images/786681352-pngguru.com.png HTTP/1.1" 304 - "http://localhost:4000/products" "Mozilla/5.0 (Macintosh; Intel Mac OS X 10_15_7) AppleWebKit/537.36 (KHTML, like Gecko) Chrome/100.0.4896.127 Safari/537.36"
::1 - - [28/Apr/2022:16:24:46 +0000] "GET / HTTP/1.1" 304 - "-" "Mozilla/5.0 (Macintosh; Intel Mac OS X 10_15_7) AppleWebKit/537.36 (KHTML, like Gecko) Chrome/100.0.4896.127 Safari/537.36"
::1 - - [28/Apr/2022:16:24:46 +0000] "GET /css/main.css HTTP/1.1" 304 - "http://localhost:4000/" "Mozilla/5.0 (Macintosh; Intel Mac OS X 10_15_7) AppleWebKit/537.36 (KHTML, like Gecko) Chrome/100.0.4896.127 Safari/537.36"
::1 - - [28/Apr/2022:16:24:46 +0000] "GET /css/product.css HTTP/1.1" 304 - "http://localhost:4000/" "Mozilla/5.0 (Macintosh; Intel Mac OS X 10_15_7) AppleWebKit/537.36 (KHTML, like Gecko) Chrome/100.0.4896.127 Safari/537.36"
::1 - - [28/Apr/2022:16:24:47 +0000] "GET /js/main.js HTTP/1.1" 304 - "http://localhost:4000/" "Mozilla/5.0 (Macintosh; Intel Mac OS X 10_15_7) AppleWebKit/537.36 (KHTML, like Gecko) Chrome/100.0.4896.127 Safari/537.36"
::1 - - [28/Apr/2022:16:24:47 +0000] "GET /images/856574366-Udvalgte%20plakater%20fra%20hele%20verden.jpeg HTTP/1.1" 304 - "http://localhost:4000/" "Mozilla/5.0 (Macintosh; Intel Mac OS X 10_15_7) AppleWebKit/537.36 (KHTML, like Gecko) Chrome/100.0.4896.127 Safari/537.36"
::1 - - [28/Apr/2022:16:24:47 +0000] "GET /images/786681352-pngguru.com.png HTTP/1.1" 304 - "http://localhost:4000/" "Mozilla/5.0 (Macintosh; Intel Mac OS X 10_15_7) AppleWebKit/537.36 (KHTML, like Gecko) Chrome/100.0.4896.127 Safari/537.36"
::1 - - [28/Apr/2022:16:24:47 +0000] "GET /favicon.ico HTTP/1.1" 404 - "http://localhost:4000/" "Mozilla/5.0 (Macintosh; Intel Mac OS X 10_15_7) AppleWebKit/537.36 (KHTML, like Gecko) Chrome/100.0.4896.127 Safari/537.36"
::1 - - [28/Apr/2022:16:24:51 +0000] "GET /login HTTP/1.1" 200 - "http://localhost:4000/" "Mozilla/5.0 (Macintosh; Intel Mac OS X 10_15_7) AppleWebKit/537.36 (KHTML, like Gecko) Chrome/100.0.4896.127 Safari/537.36"
::1 - - [28/Apr/2022:16:24:51 +0000] "GET /css/main.css HTTP/1.1" 304 - "http://localhost:4000/login" "Mozilla/5.0 (Macintosh; Intel Mac OS X 10_15_7) AppleWebKit/537.36 (KHTML, like Gecko) Chrome/100.0.4896.127 Safari/537.36"
::1 - - [28/Apr/2022:16:24:51 +0000] "GET /css/forms.css HTTP/1.1" 200 455 "http://localhost:4000/login" "Mozilla/5.0 (Macintosh; Intel Mac OS X 10_15_7) AppleWebKit/537.36 (KHTML, like Gecko) Chrome/100.0.4896.127 Safari/537.36"
::1 - - [28/Apr/2022:16:24:51 +0000] "GET /css/auth.css HTTP/1.1" 200 84 "http://localhost:4000/login" "Mozilla/5.0 (Macintosh; Intel Mac OS X 10_15_7) AppleWebKit/537.36 (KHTML, like Gecko) Chrome/100.0.4896.127 Safari/537.36"
::1 - - [28/Apr/2022:16:24:51 +0000] "GET /js/main.js HTTP/1.1" 304 - "http://localhost:4000/login" "Mozilla/5.0 (Macintosh; Intel Mac OS X 10_15_7) AppleWebKit/537.36 (KHTML, like Gecko) Chrome/100.0.4896.127 Safari/537.36"
::1 - - [28/Apr/2022:16:24:52 +0000] "GET /signup HTTP/1.1" 200 - "http://localhost:4000/login" "Mozilla/5.0 (Macintosh; Intel Mac OS X 10_15_7) AppleWebKit/537.36 (KHTML, like Gecko) Chrome/100.0.4896.127 Safari/537.36"
::1 - - [28/Apr/2022:16:24:52 +0000] "GET /css/main.css HTTP/1.1" 304 - "http://localhost:4000/signup" "Mozilla/5.0 (Macintosh; Intel Mac OS X 10_15_7) AppleWebKit/537.36 (KHTML, like Gecko) Chrome/100.0.4896.127 Safari/537.36"
::1 - - [28/Apr/2022:16:24:52 +0000] "GET /css/forms.css HTTP/1.1" 304 - "http://localhost:4000/signup" "Mozilla/5.0 (Macintosh; Intel Mac OS X 10_15_7) AppleWebKit/537.36 (KHTML, like Gecko) Chrome/100.0.4896.127 Safari/537.36"
::1 - - [28/Apr/2022:16:24:52 +0000] "GET /css/auth.css HTTP/1.1" 304 - "http://localhost:4000/signup" "Mozilla/5.0 (Macintosh; Intel Mac OS X 10_15_7) AppleWebKit/537.36 (KHTML, like Gecko) Chrome/100.0.4896.127 Safari/537.36"
::1 - - [28/Apr/2022:16:24:52 +0000] "GET /js/main.js HTTP/1.1" 304 - "http://localhost:4000/signup" "Mozilla/5.0 (Macintosh; Intel Mac OS X 10_15_7) AppleWebKit/537.36 (KHTML, like Gecko) Chrome/100.0.4896.127 Safari/537.36"
::1 - - [28/Apr/2022:16:24:54 +0000] "GET / HTTP/1.1" 304 - "http://localhost:4000/signup" "Mozilla/5.0 (Macintosh; Intel Mac OS X 10_15_7) AppleWebKit/537.36 (KHTML, like Gecko) Chrome/100.0.4896.127 Safari/537.36"
::1 - - [28/Apr/2022:16:24:54 +0000] "GET /css/main.css HTTP/1.1" 304 - "http://localhost:4000/" "Mozilla/5.0 (Macintosh; Intel Mac OS X 10_15_7) AppleWebKit/537.36 (KHTML, like Gecko) Chrome/100.0.4896.127 Safari/537.36"
::1 - - [28/Apr/2022:16:24:54 +0000] "GET /css/product.css HTTP/1.1" 304 - "http://localhost:4000/" "Mozilla/5.0 (Macintosh; Intel Mac OS X 10_15_7) AppleWebKit/537.36 (KHTML, like Gecko) Chrome/100.0.4896.127 Safari/537.36"
::1 - - [28/Apr/2022:16:24:54 +0000] "GET /js/main.js HTTP/1.1" 304 - "http://localhost:4000/" "Mozilla/5.0 (Macintosh; Intel Mac OS X 10_15_7) AppleWebKit/537.36 (KHTML, like Gecko) Chrome/100.0.4896.127 Safari/537.36"
::1 - - [28/Apr/2022:16:24:54 +0000] "GET /images/856574366-Udvalgte%20plakater%20fra%20hele%20verden.jpeg HTTP/1.1" 304 - "http://localhost:4000/" "Mozilla/5.0 (Macintosh; Intel Mac OS X 10_15_7) AppleWebKit/537.36 (KHTML, like Gecko) Chrome/100.0.4896.127 Safari/537.36"
::1 - - [28/Apr/2022:16:24:54 +0000] "GET /images/786681352-pngguru.com.png HTTP/1.1" 304 - "http://localhost:4000/" "Mozilla/5.0 (Macintosh; Intel Mac OS X 10_15_7) AppleWebKit/537.36 (KHTML, like Gecko) Chrome/100.0.4896.127 Safari/537.36"
::1 - - [28/Apr/2022:16:24:59 +0000] "GET /products HTTP/1.1" 304 - "http://localhost:4000/" "Mozilla/5.0 (Macintosh; Intel Mac OS X 10_15_7) AppleWebKit/537.36 (KHTML, like Gecko) Chrome/100.0.4896.127 Safari/537.36"
::1 - - [28/Apr/2022:16:24:59 +0000] "GET /css/main.css HTTP/1.1" 304 - "http://localhost:4000/products" "Mozilla/5.0 (Macintosh; Intel Mac OS X 10_15_7) AppleWebKit/537.36 (KHTML, like Gecko) Chrome/100.0.4896.127 Safari/537.36"
::1 - - [28/Apr/2022:16:24:59 +0000] "GET /css/product.css HTTP/1.1" 304 - "http://localhost:4000/products" "Mozilla/5.0 (Macintosh; Intel Mac OS X 10_15_7) AppleWebKit/537.36 (KHTML, like Gecko) Chrome/100.0.4896.127 Safari/537.36"
::1 - - [28/Apr/2022:16:24:59 +0000] "GET /js/main.js HTTP/1.1" 304 - "http://localhost:4000/products" "Mozilla/5.0 (Macintosh; Intel Mac OS X 10_15_7) AppleWebKit/537.36 (KHTML, like Gecko) Chrome/100.0.4896.127 Safari/537.36"
::1 - - [28/Apr/2022:16:24:59 +0000] "GET /images/856574366-Udvalgte%20plakater%20fra%20hele%20verden.jpeg HTTP/1.1" 304 - "http://localhost:4000/products" "Mozilla/5.0 (Macintosh; Intel Mac OS X 10_15_7) AppleWebKit/537.36 (KHTML, like Gecko) Chrome/100.0.4896.127 Safari/537.36"
::1 - - [28/Apr/2022:16:24:59 +0000] "GET /images/786681352-pngguru.com.png HTTP/1.1" 304 - "http://localhost:4000/products" "Mozilla/5.0 (Macintosh; Intel Mac OS X 10_15_7) AppleWebKit/537.36 (KHTML, like Gecko) Chrome/100.0.4896.127 Safari/537.36"
::1 - - [28/Apr/2022:16:25:01 +0000] "GET /products/5eef6efcf1893b1ceed9189d HTTP/1.1" 200 - "http://localhost:4000/products" "Mozilla/5.0 (Macintosh; Intel Mac OS X 10_15_7) AppleWebKit/537.36 (KHTML, like Gecko) Chrome/100.0.4896.127 Safari/537.36"
::1 - - [28/Apr/2022:16:25:01 +0000] "GET /css/main.css HTTP/1.1" 304 - "http://localhost:4000/products/5eef6efcf1893b1ceed9189d" "Mozilla/5.0 (Macintosh; Intel Mac OS X 10_15_7) AppleWebKit/537.36 (KHTML, like Gecko) Chrome/100.0.4896.127 Safari/537.36"
::1 - - [28/Apr/2022:16:25:01 +0000] "GET /css/product.css HTTP/1.1" 304 - "http://localhost:4000/products/5eef6efcf1893b1ceed9189d" "Mozilla/5.0 (Macintosh; Intel Mac OS X 10_15_7) AppleWebKit/537.36 (KHTML, like Gecko) Chrome/100.0.4896.127 Safari/537.36"
::1 - - [28/Apr/2022:16:25:01 +0000] "GET /js/main.js HTTP/1.1" 304 - "http://localhost:4000/products/5eef6efcf1893b1ceed9189d" "Mozilla/5.0 (Macintosh; Intel Mac OS X 10_15_7) AppleWebKit/537.36 (KHTML, like Gecko) Chrome/100.0.4896.127 Safari/537.36"
::1 - - [28/Apr/2022:16:25:01 +0000] "GET /images/786681352-pngguru.com.png HTTP/1.1" 304 - "http://localhost:4000/products/5eef6efcf1893b1ceed9189d" "Mozilla/5.0 (Macintosh; Intel Mac OS X 10_15_7) AppleWebKit/537.36 (KHTML, like Gecko) Chrome/100.0.4896.127 Safari/537.36"
::1 - - [28/Apr/2022:16:25:04 +0000] "GET / HTTP/1.1" 304 - "http://localhost:4000/products/5eef6efcf1893b1ceed9189d" "Mozilla/5.0 (Macintosh; Intel Mac OS X 10_15_7) AppleWebKit/537.36 (KHTML, like Gecko) Chrome/100.0.4896.127 Safari/537.36"
::1 - - [28/Apr/2022:16:25:04 +0000] "GET /css/main.css HTTP/1.1" 304 - "http://localhost:4000/" "Mozilla/5.0 (Macintosh; Intel Mac OS X 10_15_7) AppleWebKit/537.36 (KHTML, like Gecko) Chrome/100.0.4896.127 Safari/537.36"
::1 - - [28/Apr/2022:16:25:04 +0000] "GET /css/product.css HTTP/1.1" 304 - "http://localhost:4000/" "Mozilla/5.0 (Macintosh; Intel Mac OS X 10_15_7) AppleWebKit/537.36 (KHTML, like Gecko) Chrome/100.0.4896.127 Safari/537.36"
::1 - - [28/Apr/2022:16:25:05 +0000] "GET /js/main.js HTTP/1.1" 304 - "http://localhost:4000/" "Mozilla/5.0 (Macintosh; Intel Mac OS X 10_15_7) AppleWebKit/537.36 (KHTML, like Gecko) Chrome/100.0.4896.127 Safari/537.36"
::1 - - [28/Apr/2022:16:25:05 +0000] "GET /images/856574366-Udvalgte%20plakater%20fra%20hele%20verden.jpeg HTTP/1.1" 304 - "http://localhost:4000/" "Mozilla/5.0 (Macintosh; Intel Mac OS X 10_15_7) AppleWebKit/537.36 (KHTML, like Gecko) Chrome/100.0.4896.127 Safari/537.36"
::1 - - [28/Apr/2022:16:25:05 +0000] "GET /images/786681352-pngguru.com.png HTTP/1.1" 304 - "http://localhost:4000/" "Mozilla/5.0 (Macintosh; Intel Mac OS X 10_15_7) AppleWebKit/537.36 (KHTML, like Gecko) Chrome/100.0.4896.127 Safari/537.36"
::1 - - [28/Apr/2022:16:25:10 +0000] "GET /login HTTP/1.1" 200 - "http://localhost:4000/" "Mozilla/5.0 (Macintosh; Intel Mac OS X 10_15_7) AppleWebKit/537.36 (KHTML, like Gecko) Chrome/100.0.4896.127 Safari/537.36"
::1 - - [28/Apr/2022:16:25:10 +0000] "GET /css/main.css HTTP/1.1" 304 - "http://localhost:4000/login" "Mozilla/5.0 (Macintosh; Intel Mac OS X 10_15_7) AppleWebKit/537.36 (KHTML, like Gecko) Chrome/100.0.4896.127 Safari/537.36"
::1 - - [28/Apr/2022:16:25:10 +0000] "GET /css/forms.css HTTP/1.1" 304 - "http://localhost:4000/login" "Mozilla/5.0 (Macintosh; Intel Mac OS X 10_15_7) AppleWebKit/537.36 (KHTML, like Gecko) Chrome/100.0.4896.127 Safari/537.36"
::1 - - [28/Apr/2022:16:25:10 +0000] "GET /css/auth.css HTTP/1.1" 304 - "http://localhost:4000/login" "Mozilla/5.0 (Macintosh; Intel Mac OS X 10_15_7) AppleWebKit/537.36 (KHTML, like Gecko) Chrome/100.0.4896.127 Safari/537.36"
::1 - - [28/Apr/2022:16:25:10 +0000] "GET /js/main.js HTTP/1.1" 304 - "http://localhost:4000/login" "Mozilla/5.0 (Macintosh; Intel Mac OS X 10_15_7) AppleWebKit/537.36 (KHTML, like Gecko) Chrome/100.0.4896.127 Safari/537.36"
::1 - - [28/Apr/2022:16:25:14 +0000] "GET /signup HTTP/1.1" 200 - "http://localhost:4000/login" "Mozilla/5.0 (Macintosh; Intel Mac OS X 10_15_7) AppleWebKit/537.36 (KHTML, like Gecko) Chrome/100.0.4896.127 Safari/537.36"
::1 - - [28/Apr/2022:16:25:14 +0000] "GET /css/main.css HTTP/1.1" 304 - "http://localhost:4000/signup" "Mozilla/5.0 (Macintosh; Intel Mac OS X 10_15_7) AppleWebKit/537.36 (KHTML, like Gecko) Chrome/100.0.4896.127 Safari/537.36"
::1 - - [28/Apr/2022:16:25:14 +0000] "GET /css/forms.css HTTP/1.1" 304 - "http://localhost:4000/signup" "Mozilla/5.0 (Macintosh; Intel Mac OS X 10_15_7) AppleWebKit/537.36 (KHTML, like Gecko) Chrome/100.0.4896.127 Safari/537.36"
::1 - - [28/Apr/2022:16:25:14 +0000] "GET /css/auth.css HTTP/1.1" 304 - "http://localhost:4000/signup" "Mozilla/5.0 (Macintosh; Intel Mac OS X 10_15_7) AppleWebKit/537.36 (KHTML, like Gecko) Chrome/100.0.4896.127 Safari/537.36"
::1 - - [28/Apr/2022:16:25:14 +0000] "GET /js/main.js HTTP/1.1" 304 - "http://localhost:4000/signup" "Mozilla/5.0 (Macintosh; Intel Mac OS X 10_15_7) AppleWebKit/537.36 (KHTML, like Gecko) Chrome/100.0.4896.127 Safari/537.36"
::1 - - [28/Apr/2022:16:26:09 +0000] "POST /signup HTTP/1.1" 302 56 "http://localhost:4000/signup" "Mozilla/5.0 (Macintosh; Intel Mac OS X 10_15_7) AppleWebKit/537.36 (KHTML, like Gecko) Chrome/100.0.4896.127 Safari/537.36"
::1 - - [28/Apr/2022:16:26:10 +0000] "GET /login HTTP/1.1" 200 - "http://localhost:4000/signup" "Mozilla/5.0 (Macintosh; Intel Mac OS X 10_15_7) AppleWebKit/537.36 (KHTML, like Gecko) Chrome/100.0.4896.127 Safari/537.36"
::1 - - [28/Apr/2022:16:26:12 +0000] "GET /css/main.css HTTP/1.1" 304 - "http://localhost:4000/login" "Mozilla/5.0 (Macintosh; Intel Mac OS X 10_15_7) AppleWebKit/537.36 (KHTML, like Gecko) Chrome/100.0.4896.127 Safari/537.36"
::1 - - [28/Apr/2022:16:26:12 +0000] "GET /css/forms.css HTTP/1.1" 304 - "http://localhost:4000/login" "Mozilla/5.0 (Macintosh; Intel Mac OS X 10_15_7) AppleWebKit/537.36 (KHTML, like Gecko) Chrome/100.0.4896.127 Safari/537.36"
::1 - - [28/Apr/2022:16:26:12 +0000] "GET /css/auth.css HTTP/1.1" 304 - "http://localhost:4000/login" "Mozilla/5.0 (Macintosh; Intel Mac OS X 10_15_7) AppleWebKit/537.36 (KHTML, like Gecko) Chrome/100.0.4896.127 Safari/537.36"
::1 - - [28/Apr/2022:16:26:12 +0000] "GET /js/main.js HTTP/1.1" 304 - "http://localhost:4000/login" "Mozilla/5.0 (Macintosh; Intel Mac OS X 10_15_7) AppleWebKit/537.36 (KHTML, like Gecko) Chrome/100.0.4896.127 Safari/537.36"
::1 - - [28/Apr/2022:16:27:06 +0000] "POST /login HTTP/1.1" 302 46 "http://localhost:4000/login" "Mozilla/5.0 (Macintosh; Intel Mac OS X 10_15_7) AppleWebKit/537.36 (KHTML, like Gecko) Chrome/100.0.4896.127 Safari/537.36"
::1 - - [28/Apr/2022:16:27:07 +0000] "GET / HTTP/1.1" 200 - "http://localhost:4000/login" "Mozilla/5.0 (Macintosh; Intel Mac OS X 10_15_7) AppleWebKit/537.36 (KHTML, like Gecko) Chrome/100.0.4896.127 Safari/537.36"
::1 - - [28/Apr/2022:16:27:07 +0000] "GET /css/main.css HTTP/1.1" 304 - "http://localhost:4000/" "Mozilla/5.0 (Macintosh; Intel Mac OS X 10_15_7) AppleWebKit/537.36 (KHTML, like Gecko) Chrome/100.0.4896.127 Safari/537.36"
::1 - - [28/Apr/2022:16:27:07 +0000] "GET /css/product.css HTTP/1.1" 304 - "http://localhost:4000/" "Mozilla/5.0 (Macintosh; Intel Mac OS X 10_15_7) AppleWebKit/537.36 (KHTML, like Gecko) Chrome/100.0.4896.127 Safari/537.36"
::1 - - [28/Apr/2022:16:27:07 +0000] "GET /js/main.js HTTP/1.1" 304 - "http://localhost:4000/" "Mozilla/5.0 (Macintosh; Intel Mac OS X 10_15_7) AppleWebKit/537.36 (KHTML, like Gecko) Chrome/100.0.4896.127 Safari/537.36"
::1 - - [28/Apr/2022:16:27:07 +0000] "GET /images/856574366-Udvalgte%20plakater%20fra%20hele%20verden.jpeg HTTP/1.1" 304 - "http://localhost:4000/" "Mozilla/5.0 (Macintosh; Intel Mac OS X 10_15_7) AppleWebKit/537.36 (KHTML, like Gecko) Chrome/100.0.4896.127 Safari/537.36"
::1 - - [28/Apr/2022:16:27:07 +0000] "GET /images/786681352-pngguru.com.png HTTP/1.1" 304 - "http://localhost:4000/" "Mozilla/5.0 (Macintosh; Intel Mac OS X 10_15_7) AppleWebKit/537.36 (KHTML, like Gecko) Chrome/100.0.4896.127 Safari/537.36"
